#
# There is insufficient memory for the Java Runtime Environment to continue.
# Native memory allocation (malloc) failed to allocate 935136 bytes for Chunk::new
# Possible reasons:
#   The system is out of physical RAM or swap space
#   In 32 bit mode, the process size limit was hit
# Possible solutions:
#   Reduce memory load on the system
#   Increase physical memory or swap space
#   Check if swap backing store is full
#   Use 64 bit Java on a 64 bit OS
#   Decrease Java heap size (-Xmx/-Xms)
#   Decrease number of Java threads
#   Decrease Java thread stack sizes (-Xss)
#   Set larger code cache with -XX:ReservedCodeCacheSize=
# This output file may be truncated or incomplete.
#
#  Out of Memory Error (allocation.cpp:390), pid=15876, tid=0x0000000000000150
#
# JRE version: OpenJDK Runtime Environment (8.0_152-b02) (build 1.8.0_152-release-1024-b02)
# Java VM: OpenJDK 64-Bit Server VM (25.152-b02 mixed mode windows-amd64 compressed oops)
# Failed to write core dump. Minidumps are not enabled by default on client versions of Windows
#

---------------  T H R E A D  ---------------

Current thread (0x0000000016bda800):  JavaThread "C2 CompilerThread0" daemon [_thread_in_native, id=336, stack(0x0000000018580000,0x0000000018680000)]

Stack: [0x0000000018580000,0x0000000018680000]
[error occurred during error reporting (printing stack bounds), id 0xc0000005]

Native frames: (J=compiled Java code, j=interpreted, Vv=VM code, C=native code)


Current CompileTask:
C2:  11779 5200   !   4       java.net.URLClassLoader$1::run (63 bytes)


---------------  P R O C E S S  ---------------

Java Threads: ( => current thread )
  0x0000000019e46800 JavaThread "Memory manager" [_thread_blocked, id=16576, stack(0x0000000021eb0000,0x0000000021fb0000)]
  0x0000000019e48000 JavaThread "pool-1-thread-1" [_thread_blocked, id=22988, stack(0x0000000021bb0000,0x0000000021cb0000)]
  0x0000000019e45000 JavaThread "build operations Thread 4" [_thread_blocked, id=22940, stack(0x00000000216b0000,0x00000000217b0000)]
  0x0000000019e41000 JavaThread "build operations Thread 3" [_thread_blocked, id=16516, stack(0x00000000215b0000,0x00000000216b0000)]
  0x0000000019e43000 JavaThread "build operations Thread 2" [_thread_blocked, id=21148, stack(0x00000000214b0000,0x00000000215b0000)]
  0x0000000019e44000 JavaThread "build operations" [_thread_blocked, id=11984, stack(0x0000000020f20000,0x0000000021020000)]
  0x0000000017fa0000 JavaThread "Cache worker for Artifact transforms cache (C:\Users\YeongBin\.gradle\caches\transforms-1)" [_thread_blocked, id=15460, stack(0x000000001ee10000,0x000000001ef10000)]
  0x0000000017f9f800 JavaThread "Cache worker for file hash cache (C:\Users\YeongBin\AndroidStudioProjects\bus\.gradle\4.4\fileHashes)" [_thread_blocked, id=22228, stack(0x000000001d510000,0x000000001d610000)]
  0x0000000017f9a000 JavaThread "File lock request listener" [_thread_in_native, id=9212, stack(0x000000001c2f0000,0x000000001c3f0000)]
  0x0000000019d2d000 JavaThread "Cache worker for file hash cache (C:\Users\YeongBin\.gradle\caches\4.4\fileHashes)" [_thread_blocked, id=18244, stack(0x000000001c1f0000,0x000000001c2f0000)]
  0x000000001991a000 JavaThread "Stdin handler" [_thread_blocked, id=13632, stack(0x000000001af20000,0x000000001b020000)]
  0x0000000019919000 JavaThread "Asynchronous log dispatcher for DefaultDaemonConnection: socket connection from /127.0.0.1:62389 to /127.0.0.1:62390" [_thread_blocked, id=19180, stack(0x000000001ae20000,0x000000001af20000)]
  0x0000000019b88800 JavaThread "Daemon worker" [_thread_in_Java, id=12204, stack(0x000000001ad20000,0x000000001ae20000)]
  0x0000000019ba8000 JavaThread "Cancel handler" [_thread_blocked, id=18064, stack(0x000000001ac20000,0x000000001ad20000)]
  0x0000000019a96800 JavaThread "Handler for socket connection from /127.0.0.1:62389 to /127.0.0.1:62390" [_thread_in_native, id=16292, stack(0x000000001a920000,0x000000001aa20000)]
  0x0000000019a95000 JavaThread "Daemon" [_thread_blocked, id=17460, stack(0x000000001a820000,0x000000001a920000)]
  0x0000000019a6e800 JavaThread "Daemon periodic checks" [_thread_blocked, id=19568, stack(0x000000001a720000,0x000000001a820000)]
  0x0000000019a5d800 JavaThread "Incoming local TCP Connector on port 62389" [_thread_in_native, id=8928, stack(0x000000001a550000,0x000000001a650000)]
  0x000000001801b800 JavaThread "Service Thread" daemon [_thread_blocked, id=4284, stack(0x0000000018880000,0x0000000018980000)]
  0x0000000017f9b000 JavaThread "C1 CompilerThread2" daemon [_thread_blocked, id=19436, stack(0x0000000018780000,0x0000000018880000)]
  0x0000000017f8a000 JavaThread "C2 CompilerThread1" daemon [_thread_blocked, id=20988, stack(0x0000000018680000,0x0000000018780000)]
=>0x0000000016bda800 JavaThread "C2 CompilerThread0" daemon [_thread_in_native, id=336, stack(0x0000000018580000,0x0000000018680000)]
  0x0000000017f88800 JavaThread "Attach Listener" daemon [_thread_blocked, id=15160, stack(0x0000000018480000,0x0000000018580000)]
  0x0000000016b93800 JavaThread "Signal Dispatcher" daemon [_thread_blocked, id=5600, stack(0x0000000018380000,0x0000000018480000)]
  0x000000000320d800 JavaThread "Finalizer" daemon [_thread_blocked, id=11084, stack(0x0000000017df0000,0x0000000017ef0000)]
  0x0000000003201800 JavaThread "Reference Handler" daemon [_thread_blocked, id=12168, stack(0x0000000017cf0000,0x0000000017df0000)]
  0x0000000002d2e800 JavaThread "main" [_thread_blocked, id=14532, stack(0x0000000002c20000,0x0000000002d20000)]

Other Threads:
  0x0000000016b47000 VMThread [stack: 0x0000000017bf0000,0x0000000017cf0000] [id=17232]
  0x000000001801c000 WatcherThread [stack: 0x0000000018980000,0x0000000018a80000] [id=12348]

VM state:not at safepoint (normal execution)

VM Mutex/Monitor currently owned by a thread: None

Heap:
 PSYoungGen      total 135680K, used 107035K [0x00000000e0000000, 0x00000000eb280000, 0x0000000100000000)
  eden space 123392K, 76% used [0x00000000e0000000,0x00000000e5c89350,0x00000000e7880000)
  from space 12288K, 99% used [0x00000000e7880000,0x00000000e847dbb8,0x00000000e8480000)
  to   space 14336K, 0% used [0x00000000ea480000,0x00000000ea480000,0x00000000eb280000)
 ParOldGen       total 65024K, used 18520K [0x00000000a0000000, 0x00000000a3f80000, 0x00000000e0000000)
  object space 65024K, 28% used [0x00000000a0000000,0x00000000a12162c0,0x00000000a3f80000)
 Metaspace       used 49735K, capacity 51184K, committed 51328K, reserved 1093632K
  class space    used 6772K, capacity 7194K, committed 7296K, reserved 1048576K

Card table byte_map: [0x00000000125d0000,0x00000000128e0000] byte_map_base: 0x00000000120d0000

Marking Bits: (ParMarkBitMap*) 0x0000000068ae4970
 Begin Bits: [0x0000000012ee0000, 0x00000000146e0000)
 End Bits:   [0x00000000146e0000, 0x0000000015ee0000)

Polling page: 0x0000000001450000

CodeCache: size=245760Kb used=17035Kb max_used=17035Kb free=228724Kb
 bounds [0x0000000003210000, 0x00000000042c0000, 0x0000000012210000]
 total_blobs=5610 nmethods=4864 adapters=658
 compilation: enabled

Compilation events (10 events):
Event: 11.764 Thread 0x0000000017f9b000 5236   !   3       com.sun.proxy.$Proxy74::annotationType (29 bytes)
Event: 11.765 Thread 0x0000000017f9b000 nmethod 5236 0x00000000042b7d10 code [0x00000000042b7ea0, 0x00000000042b82d8]
Event: 11.765 Thread 0x0000000017f9b000 5237       3       java.lang.invoke.MemberName::<init> (131 bytes)
Event: 11.766 Thread 0x0000000017f9b000 nmethod 5237 0x00000000042b5e50 code [0x00000000042b6120, 0x00000000042b7518]
Event: 11.766 Thread 0x0000000017f9b000 5238       3       java.lang.invoke.MemberName::hashCode (39 bytes)
Event: 11.766 Thread 0x0000000017f9b000 nmethod 5238 0x00000000042b8490 code [0x00000000042b86a0, 0x00000000042b9428]
Event: 11.769 Thread 0x0000000017f9b000 5239       3       org.gradle.api.internal.project.taskfactory.DefaultTaskClassValidatorExtractor$DefaultTaskPropertyActionContext::<init> (45 bytes)
Event: 11.769 Thread 0x0000000017f9b000 nmethod 5239 0x00000000042b9890 code [0x00000000042b9a20, 0x00000000042b9eb0]
Event: 11.769 Thread 0x0000000017f9b000 5240       3       org.gradle.api.internal.project.taskfactory.DefaultTaskClassValidatorExtractor::createProperty (71 bytes)
Event: 11.770 Thread 0x0000000017f9b000 nmethod 5240 0x00000000042ba190 code [0x00000000042ba460, 0x00000000042bba78]

GC Heap History (10 events):
Event: 4.497 GC heap before
{Heap before GC invocations=9 (full 1):
 PSYoungGen      total 72192K, used 64512K [0x00000000e0000000, 0x00000000e8d00000, 0x0000000100000000)
  eden space 64512K, 100% used [0x00000000e0000000,0x00000000e3f00000,0x00000000e3f00000)
  from space 7680K, 0% used [0x00000000e3f00000,0x00000000e3f00000,0x00000000e4680000)
  to   space 7680K, 0% used [0x00000000e8580000,0x00000000e8580000,0x00000000e8d00000)
 ParOldGen       total 38912K, used 8277K [0x00000000a0000000, 0x00000000a2600000, 0x00000000e0000000)
  object space 38912K, 21% used [0x00000000a0000000,0x00000000a0815708,0x00000000a2600000)
 Metaspace       used 26048K, capacity 26612K, committed 26880K, reserved 1073152K
  class space    used 3642K, capacity 3813K, committed 3840K, reserved 1048576K
Event: 4.505 GC heap after
Heap after GC invocations=9 (full 1):
 PSYoungGen      total 94208K, used 6781K [0x00000000e0000000, 0x00000000e8c80000, 0x0000000100000000)
  eden space 87040K, 0% used [0x00000000e0000000,0x00000000e0000000,0x00000000e5500000)
  from space 7168K, 94% used [0x00000000e8580000,0x00000000e8c1f7b0,0x00000000e8c80000)
  to   space 8192K, 0% used [0x00000000e7c80000,0x00000000e7c80000,0x00000000e8480000)
 ParOldGen       total 38912K, used 8285K [0x00000000a0000000, 0x00000000a2600000, 0x00000000e0000000)
  object space 38912K, 21% used [0x00000000a0000000,0x00000000a0817708,0x00000000a2600000)
 Metaspace       used 26048K, capacity 26612K, committed 26880K, reserved 1073152K
  class space    used 3642K, capacity 3813K, committed 3840K, reserved 1048576K
}
Event: 8.039 GC heap before
{Heap before GC invocations=10 (full 1):
 PSYoungGen      total 94208K, used 93821K [0x00000000e0000000, 0x00000000e8c80000, 0x0000000100000000)
  eden space 87040K, 100% used [0x00000000e0000000,0x00000000e5500000,0x00000000e5500000)
  from space 7168K, 94% used [0x00000000e8580000,0x00000000e8c1f7b0,0x00000000e8c80000)
  to   space 8192K, 0% used [0x00000000e7c80000,0x00000000e7c80000,0x00000000e8480000)
 ParOldGen       total 38912K, used 8285K [0x00000000a0000000, 0x00000000a2600000, 0x00000000e0000000)
  object space 38912K, 21% used [0x00000000a0000000,0x00000000a0817708,0x00000000a2600000)
 Metaspace       used 31420K, capacity 32176K, committed 32384K, reserved 1077248K
  class space    used 4413K, capacity 4664K, committed 4736K, reserved 1048576K
Event: 8.052 GC heap after
Heap after GC invocations=10 (full 1):
 PSYoungGen      total 111104K, used 8174K [0x00000000e0000000, 0x00000000e8600000, 0x0000000100000000)
  eden space 102912K, 0% used [0x00000000e0000000,0x00000000e0000000,0x00000000e6480000)
  from space 8192K, 99% used [0x00000000e7c80000,0x00000000e847ba98,0x00000000e8480000)
  to   space 1536K, 0% used [0x00000000e8480000,0x00000000e8480000,0x00000000e8600000)
 ParOldGen       total 38912K, used 12278K [0x00000000a0000000, 0x00000000a2600000, 0x00000000e0000000)
  object space 38912K, 31% used [0x00000000a0000000,0x00000000a0bfda80,0x00000000a2600000)
 Metaspace       used 31420K, capacity 32176K, committed 32384K, reserved 1077248K
  class space    used 4413K, capacity 4664K, committed 4736K, reserved 1048576K
}
Event: 8.309 GC heap before
{Heap before GC invocations=11 (full 1):
 PSYoungGen      total 111104K, used 22728K [0x00000000e0000000, 0x00000000e8600000, 0x0000000100000000)
  eden space 102912K, 14% used [0x00000000e0000000,0x00000000e0e36680,0x00000000e6480000)
  from space 8192K, 99% used [0x00000000e7c80000,0x00000000e847ba98,0x00000000e8480000)
  to   space 1536K, 0% used [0x00000000e8480000,0x00000000e8480000,0x00000000e8600000)
 ParOldGen       total 38912K, used 12278K [0x00000000a0000000, 0x00000000a2600000, 0x00000000e0000000)
  object space 38912K, 31% used [0x00000000a0000000,0x00000000a0bfda80,0x00000000a2600000)
 Metaspace       used 34527K, capacity 35326K, committed 35416K, reserved 1079296K
  class space    used 4828K, capacity 5100K, committed 5120K, reserved 1048576K
Event: 8.318 GC heap after
Heap after GC invocations=11 (full 1):
 PSYoungGen      total 124928K, used 1504K [0x00000000e0000000, 0x00000000e9200000, 0x0000000100000000)
  eden space 123392K, 0% used [0x00000000e0000000,0x00000000e0000000,0x00000000e7880000)
  from space 1536K, 97% used [0x00000000e8480000,0x00000000e85f8020,0x00000000e8600000)
  to   space 12288K, 0% used [0x00000000e7880000,0x00000000e7880000,0x00000000e8480000)
 ParOldGen       total 38912K, used 20786K [0x00000000a0000000, 0x00000000a2600000, 0x00000000e0000000)
  object space 38912K, 53% used [0x00000000a0000000,0x00000000a144c818,0x00000000a2600000)
 Metaspace       used 34527K, capacity 35326K, committed 35416K, reserved 1079296K
  class space    used 4828K, capacity 5100K, committed 5120K, reserved 1048576K
}
Event: 8.318 GC heap before
{Heap before GC invocations=12 (full 2):
 PSYoungGen      total 124928K, used 1504K [0x00000000e0000000, 0x00000000e9200000, 0x0000000100000000)
  eden space 123392K, 0% used [0x00000000e0000000,0x00000000e0000000,0x00000000e7880000)
  from space 1536K, 97% used [0x00000000e8480000,0x00000000e85f8020,0x00000000e8600000)
  to   space 12288K, 0% used [0x00000000e7880000,0x00000000e7880000,0x00000000e8480000)
 ParOldGen       total 38912K, used 20786K [0x00000000a0000000, 0x00000000a2600000, 0x00000000e0000000)
  object space 38912K, 53% used [0x00000000a0000000,0x00000000a144c818,0x00000000a2600000)
 Metaspace       used 34527K, capacity 35326K, committed 35416K, reserved 1079296K
  class space    used 4828K, capacity 5100K, committed 5120K, reserved 1048576K
Event: 8.366 GC heap after
Heap after GC invocations=12 (full 2):
 PSYoungGen      total 124928K, used 0K [0x00000000e0000000, 0x00000000e9200000, 0x0000000100000000)
  eden space 123392K, 0% used [0x00000000e0000000,0x00000000e0000000,0x00000000e7880000)
  from space 1536K, 0% used [0x00000000e8480000,0x00000000e8480000,0x00000000e8600000)
  to   space 12288K, 0% used [0x00000000e7880000,0x00000000e7880000,0x00000000e8480000)
 ParOldGen       total 65024K, used 16732K [0x00000000a0000000, 0x00000000a3f80000, 0x00000000e0000000)
  object space 65024K, 25% used [0x00000000a0000000,0x00000000a10570c8,0x00000000a3f80000)
 Metaspace       used 34527K, capacity 35326K, committed 35416K, reserved 1079296K
  class space    used 4828K, capacity 5100K, committed 5120K, reserved 1048576K
}
Event: 10.542 GC heap before
{Heap before GC invocations=13 (full 2):
 PSYoungGen      total 124928K, used 123392K [0x00000000e0000000, 0x00000000e9200000, 0x0000000100000000)
  eden space 123392K, 100% used [0x00000000e0000000,0x00000000e7880000,0x00000000e7880000)
  from space 1536K, 0% used [0x00000000e8480000,0x00000000e8480000,0x00000000e8600000)
  to   space 12288K, 0% used [0x00000000e7880000,0x00000000e7880000,0x00000000e8480000)
 ParOldGen       total 65024K, used 16732K [0x00000000a0000000, 0x00000000a3f80000, 0x00000000e0000000)
  object space 65024K, 25% used [0x00000000a0000000,0x00000000a10570c8,0x00000000a3f80000)
 Metaspace       used 43051K, capacity 44096K, committed 44416K, reserved 1087488K
  class space    used 5926K, capacity 6236K, committed 6272K, reserved 1048576K
Event: 10.556 GC heap after
Heap after GC invocations=13 (full 2):
 PSYoungGen      total 135680K, used 12278K [0x00000000e0000000, 0x00000000eb280000, 0x0000000100000000)
  eden space 123392K, 0% used [0x00000000e0000000,0x00000000e0000000,0x00000000e7880000)
  from space 12288K, 99% used [0x00000000e7880000,0x00000000e847dbb8,0x00000000e8480000)
  to   space 14336K, 0% used [0x00000000ea480000,0x00000000ea480000,0x00000000eb280000)
 ParOldGen       total 65024K, used 18520K [0x00000000a0000000, 0x00000000a3f80000, 0x00000000e0000000)
  object space 65024K, 28% used [0x00000000a0000000,0x00000000a12162c0,0x00000000a3f80000)
 Metaspace       used 43051K, capacity 44096K, committed 44416K, reserved 1087488K
  class space    used 5926K, capacity 6236K, committed 6272K, reserved 1048576K
}

Deoptimization events (10 events):
Event: 9.551 Thread 0x0000000019b88800 Uncommon trap: reason=class_check action=maybe_recompile pc=0x0000000003c08b9c method=org.codehaus.groovy.runtime.metaclass.MetaMethodIndex.addMethodToList(Ljava/lang/Object;Lgroovy/lang/MetaMethod;)Ljava/lang/Object; @ 220
Event: 10.672 Thread 0x0000000019b88800 Uncommon trap: reason=class_check action=maybe_recompile pc=0x00000000037e6378 method=java.io.DataInputStream.readUnsignedShort()I @ 4
Event: 10.672 Thread 0x0000000019b88800 Uncommon trap: reason=class_check action=maybe_recompile pc=0x00000000037e6378 method=java.io.DataInputStream.readUnsignedShort()I @ 4
Event: 10.672 Thread 0x0000000019b88800 Uncommon trap: reason=class_check action=maybe_recompile pc=0x00000000037e6378 method=java.io.DataInputStream.readUnsignedShort()I @ 4
Event: 10.672 Thread 0x0000000019b88800 Uncommon trap: reason=class_check action=maybe_recompile pc=0x00000000037e6378 method=java.io.DataInputStream.readUnsignedShort()I @ 4
Event: 10.717 Thread 0x0000000019b88800 Uncommon trap: reason=unstable_if action=reinterpret pc=0x0000000003fcd15c method=java.io.DataInputStream.readUTF(Ljava/io/DataInput;)Ljava/lang/String; @ 31
Event: 10.890 Thread 0x0000000019b88800 Uncommon trap: reason=unstable_if action=reinterpret pc=0x0000000003bc3aa8 method=java.util.regex.Pattern$BmpCharProperty.match(Ljava/util/regex/Matcher;ILjava/lang/CharSequence;)Z @ 34
Event: 11.628 Thread 0x0000000019b88800 Uncommon trap: reason=unstable_if action=reinterpret pc=0x0000000003b18108 method=org.objectweb.asm.ByteVector.putUTF8(Ljava/lang/String;)Lorg/objectweb/asm/ByteVector; @ 91
Event: 11.671 Thread 0x0000000019b88800 Uncommon trap: reason=unstable_if action=reinterpret pc=0x0000000003b173b4 method=java.lang.String.lastIndexOf([CII[CIII)I @ 118
Event: 11.676 Thread 0x0000000019b88800 Uncommon trap: reason=unstable_if action=reinterpret pc=0x0000000003ac71f0 method=org.objectweb.asm.ByteVector.putUTF8(Ljava/lang/String;)Lorg/objectweb/asm/ByteVector; @ 91

Classes redefined (0 events):
No events

Internal exceptions (10 events):
Event: 11.245 Thread 0x0000000019b88800 Exception <a 'sun/nio/fs/WindowsException'> (0x00000000e43e34b0) thrown at [D:\src\AOSP-openjdk-cygwin\jdk8u\hotspot\src\share\vm\prims\jni.cpp, line 709]
Event: 11.245 Thread 0x0000000019b88800 Exception <a 'sun/nio/fs/WindowsException'> (0x00000000e43e6610) thrown at [D:\src\AOSP-openjdk-cygwin\jdk8u\hotspot\src\share\vm\prims\jni.cpp, line 709]
Event: 11.245 Thread 0x0000000019b88800 Exception <a 'sun/nio/fs/WindowsException'> (0x00000000e43e7310) thrown at [D:\src\AOSP-openjdk-cygwin\jdk8u\hotspot\src\share\vm\prims\jni.cpp, line 709]
Event: 11.245 Thread 0x0000000019b88800 Exception <a 'sun/nio/fs/WindowsException'> (0x00000000e43e9040) thrown at [D:\src\AOSP-openjdk-cygwin\jdk8u\hotspot\src\share\vm\prims\jni.cpp, line 709]
Event: 11.245 Thread 0x0000000019b88800 Exception <a 'sun/nio/fs/WindowsException'> (0x00000000e43e9d80) thrown at [D:\src\AOSP-openjdk-cygwin\jdk8u\hotspot\src\share\vm\prims\jni.cpp, line 709]
Event: 11.254 Thread 0x0000000019b88800 Exception <a 'java/lang/NoSuchMethodError': java.lang.Object.lambda$comparing$77a9974f$1(Ljava/util/function/Function;Ljava/lang/Object;Ljava/lang/Object;)I> (0x00000000e4479408) thrown at [D:\src\AOSP-openjdk-cygwin\jdk8u\hotspot\src\share\vm\interpreter
Event: 11.255 Thread 0x0000000019b88800 Exception <a 'java/lang/NoSuchMethodError': java.lang.Object.lambda$thenComparing$36697e65$1(Ljava/util/Comparator;Ljava/lang/Object;Ljava/lang/Object;)I> (0x00000000e4484a88) thrown at [D:\src\AOSP-openjdk-cygwin\jdk8u\hotspot\src\share\vm\interpreter\li
Event: 11.273 Thread 0x0000000019b88800 Exception <a 'java/lang/NoSuchMethodError': java.lang.Object.lambda$maxBy$1(Ljava/util/Comparator;Ljava/lang/Object;Ljava/lang/Object;)Ljava/lang/Object;> (0x00000000e4526ca0) thrown at [D:\src\AOSP-openjdk-cygwin\jdk8u\hotspot\src\share\vm\interpreter\li
Event: 11.579 Thread 0x0000000019b88800 Exception <a 'java/lang/ClassNotFoundException': org/gradle/api/plugins/BasePluginConventionBeanInfo> (0x00000000e4e12a68) thrown at [D:\src\AOSP-openjdk-cygwin\jdk8u\hotspot\src\share\vm\classfile\systemDictionary.cpp, line 210]
Event: 11.579 Thread 0x0000000019b88800 Exception <a 'java/lang/ClassNotFoundException': org/gradle/api/plugins/BasePluginConventionCustomizer> (0x00000000e4e35198) thrown at [D:\src\AOSP-openjdk-cygwin\jdk8u\hotspot\src\share\vm\classfile\systemDictionary.cpp, line 210]

Events (10 events):
Event: 11.771 loading class com/google/common/collect/AbstractMapBasedMultimap$KeySet$1
Event: 11.771 loading class com/google/common/collect/AbstractMapBasedMultimap$KeySet$1 done
Event: 11.771 loading class com/android/build/gradle/internal/scope/VariantScope
Event: 11.771 loading class com/android/build/gradle/internal/scope/VariantScope done
Event: 11.771 loading class com/android/build/gradle/internal/ApplicationTaskManager
Event: 11.771 loading class com/android/build/gradle/internal/ApplicationTaskManager done
Event: 11.772 loading class com/android/build/gradle/tasks/MergeSourceSetFolders$MergeAppAssetConfigAction
Event: 11.772 loading class com/android/build/gradle/tasks/MergeSourceSetFolders$MergeAppAssetConfigAction done
Event: 11.772 loading class com/android/build/gradle/tasks/MergeSourceSetFolders$MergeAssetBaseConfigAction
Event: 11.772 loading class com/android/build/gradle/tasks/MergeSourceSetFolders$MergeAssetBaseConfigAction done


Dynamic libraries:
0x00007ff6114e0000 - 0x00007ff611511000 	C:\Program Files\Android\Android Studio1\jre\bin\java.exe
0x00007ff9a1690000 - 0x00007ff9a1871000 	C:\WINDOWS\SYSTEM32\ntdll.dll
0x00007ff9a11e0000 - 0x00007ff9a1292000 	C:\WINDOWS\System32\KERNEL32.DLL
0x00007ff99ddf0000 - 0x00007ff99e063000 	C:\WINDOWS\System32\KERNELBASE.dll
0x00007ff9a0860000 - 0x00007ff9a0901000 	C:\WINDOWS\System32\ADVAPI32.dll
0x00007ff9a15c0000 - 0x00007ff9a165e000 	C:\WINDOWS\System32\msvcrt.dll
0x00007ff9a0a10000 - 0x00007ff9a0a6b000 	C:\WINDOWS\System32\sechost.dll
0x00007ff9a02e0000 - 0x00007ff9a0404000 	C:\WINDOWS\System32\RPCRT4.dll
0x00007ff9a12a0000 - 0x00007ff9a1430000 	C:\WINDOWS\System32\USER32.dll
0x00007ff99dc00000 - 0x00007ff99dc20000 	C:\WINDOWS\System32\win32u.dll
0x00007ff99edb0000 - 0x00007ff99edd8000 	C:\WINDOWS\System32\GDI32.dll
0x00007ff99da60000 - 0x00007ff99dbf2000 	C:\WINDOWS\System32\gdi32full.dll
0x00007ff99e890000 - 0x00007ff99e92f000 	C:\WINDOWS\System32\msvcp_win.dll
0x00007ff99dc70000 - 0x00007ff99dd6a000 	C:\WINDOWS\System32\ucrtbase.dll
0x00007ff993af0000 - 0x00007ff993d59000 	C:\WINDOWS\WinSxS\amd64_microsoft.windows.common-controls_6595b64144ccf1df_6.0.17134.285_none_fb4297e330656775\COMCTL32.dll
0x00007ff9a0a70000 - 0x00007ff9a0d93000 	C:\WINDOWS\System32\combase.dll
0x00007ff99dd70000 - 0x00007ff99ddea000 	C:\WINDOWS\System32\bcryptPrimitives.dll
0x00007ff9a0910000 - 0x00007ff9a093d000 	C:\WINDOWS\System32\IMM32.DLL
0x0000000069fa0000 - 0x000000006a072000 	C:\Program Files\Android\Android Studio1\jre\jre\bin\msvcr100.dll
0x0000000068320000 - 0x0000000068b5f000 	C:\Program Files\Android\Android Studio1\jre\jre\bin\server\jvm.dll
0x00007ff9a0f20000 - 0x00007ff9a0f28000 	C:\WINDOWS\System32\PSAPI.DLL
0x00007ff9948d0000 - 0x00007ff9948d9000 	C:\WINDOWS\SYSTEM32\WSOCK32.dll
0x00007ff9a10d0000 - 0x00007ff9a113c000 	C:\WINDOWS\System32\WS2_32.dll
0x00007ff996120000 - 0x00007ff996143000 	C:\WINDOWS\SYSTEM32\WINMM.dll
0x00007ff9960a0000 - 0x00007ff9960aa000 	C:\WINDOWS\SYSTEM32\VERSION.dll
0x00007ff9960c0000 - 0x00007ff9960ea000 	C:\WINDOWS\SYSTEM32\winmmbase.dll
0x00007ff99dc20000 - 0x00007ff99dc69000 	C:\WINDOWS\System32\cfgmgr32.dll
0x00007ff995e50000 - 0x00007ff995e5f000 	C:\Program Files\Android\Android Studio1\jre\jre\bin\verify.dll
0x00007ff993330000 - 0x00007ff993359000 	C:\Program Files\Android\Android Studio1\jre\jre\bin\java.dll
0x00007ff993380000 - 0x00007ff993396000 	C:\Program Files\Android\Android Studio1\jre\jre\bin\zip.dll
0x00007ff99eea0000 - 0x00007ff9a02e0000 	C:\WINDOWS\System32\SHELL32.dll
0x00007ff99ec70000 - 0x00007ff99ed19000 	C:\WINDOWS\System32\shcore.dll
0x00007ff99e120000 - 0x00007ff99e82d000 	C:\WINDOWS\System32\windows.storage.dll
0x00007ff99ede0000 - 0x00007ff99ee31000 	C:\WINDOWS\System32\shlwapi.dll
0x00007ff99d9a0000 - 0x00007ff99d9b1000 	C:\WINDOWS\System32\kernel.appcore.dll
0x00007ff99da30000 - 0x00007ff99da4f000 	C:\WINDOWS\System32\profapi.dll
0x00007ff99d9c0000 - 0x00007ff99da0c000 	C:\WINDOWS\System32\powrprof.dll
0x00007ff99da50000 - 0x00007ff99da5a000 	C:\WINDOWS\System32\FLTLIB.DLL
0x00007ff98f220000 - 0x00007ff98f23a000 	C:\Program Files\Android\Android Studio1\jre\jre\bin\net.dll
0x00007ff99d220000 - 0x00007ff99d286000 	C:\WINDOWS\system32\mswsock.dll
0x00007ff98ee30000 - 0x00007ff98ee41000 	C:\Program Files\Android\Android Studio1\jre\jre\bin\nio.dll
0x00007ff995ea0000 - 0x00007ff995ebe000 	C:\Users\YeongBin\.gradle\native\25\windows-amd64\native-platform.dll
0x00007ff98f9f0000 - 0x00007ff98f9fd000 	C:\Program Files\Android\Android Studio1\jre\jre\bin\management.dll
0x00007ff99d3d0000 - 0x00007ff99d3e7000 	C:\WINDOWS\SYSTEM32\CRYPTSP.dll
0x00007ff99ce00000 - 0x00007ff99ce33000 	C:\WINDOWS\system32\rsaenh.dll
0x00007ff99d500000 - 0x00007ff99d525000 	C:\WINDOWS\SYSTEM32\bcrypt.dll
0x00007ff99d8d0000 - 0x00007ff99d8f8000 	C:\WINDOWS\SYSTEM32\USERENV.dll
0x00007ff99d3f0000 - 0x00007ff99d3fb000 	C:\WINDOWS\SYSTEM32\CRYPTBASE.dll
0x00007ff99cfa0000 - 0x00007ff99cfd8000 	C:\WINDOWS\SYSTEM32\IPHLPAPI.DLL
0x00007ff9a1430000 - 0x00007ff9a1438000 	C:\WINDOWS\System32\NSI.dll
0x00007ff998480000 - 0x00007ff998496000 	C:\WINDOWS\SYSTEM32\dhcpcsvc6.DLL
0x00007ff998a40000 - 0x00007ff998a5a000 	C:\WINDOWS\SYSTEM32\dhcpcsvc.DLL

VM Arguments:
jvm_args: -Xmx1536m -Dfile.encoding=x-windows-949 -Duser.country=KR -Duser.language=ko -Duser.variant 
java_command: org.gradle.launcher.daemon.bootstrap.GradleDaemon 4.4
java_class_path (initial): C:\Users\YeongBin\.gradle\wrapper\dists\gradle-4.4-all\9br9xq1tocpiv8o6njlyu5op1\gradle-4.4\lib\gradle-launcher-4.4.jar
Launcher Type: SUN_STANDARD

Environment Variables:
JAVA_HOME=C:\Program Files\Java\jdk1.8.0_144
JRE_HOME=C:\Program Files\Java\jre1.8.0_151
PATH=;C:\oraclexe\app\oracle\product\11.2.0\server\bin;C:\WinAVR-20100110\bin;C:\WinAVR-20100110\utils\bin;C:\ProgramData\Oracle\Java\javapath;C:\WINDOWS\system32;C:\WINDOWS;C:\WINDOWS\System32\Wbem;C:\WINDOWS\System32\WindowsPowerShell\v1.0\;C:\Program Files\Git\cmd;C:\APM_Setup\Server\Apache\bin;C:\APM_Setup\Server\MySQL5\bin;C:\APM_Setup\Server\PHP5;C:\Program Files (x86)\NVIDIA Corporation\PhysX\Common;C:\Users\YeongBin\.dnx\bin;C:\Program Files\Microsoft DNX\Dnvm\;C:\Program Files\Microsoft SQL Server\130\Tools\Binn\;%SystemRoot%\system32;%SystemRoot%;%SystemRoot%\System32\Wbem;%SYSTEMROOT%\System32\WindowsPowerShell\v1.0\;%SYSTEMROOT%\System32\OpenSSH\;C:\Users\YeongBin\AppData\Local\Microsoft\WindowsApps;C:\Users\YeongBin\AppData\Local\atom\bin;C:\Users\YeongBin\AppData\Local\GitHubDesktop\bin;%USERPROFILE%\AppData\Local\Microsoft\WindowsApps;
USERNAME=YeongBin
OS=Windows_NT
PROCESSOR_IDENTIFIER=Intel64 Family 6 Model 60 Stepping 3, GenuineIntel



---------------  S Y S T E M  ---------------

OS: Windows 10.0 , 64 bit Build 17134 (10.0.17134.1)

CPU:total 4 (initial active 4) (4 cores per cpu, 1 threads per core) family 6 model 60 stepping 3, cmov, cx8, fxsr, mmx, sse, sse2, sse3, ssse3, sse4.1, sse4.2, popcnt, avx, avx2, aes, clmul, erms, lzcnt, tsc, tscinvbit, bmi1, bmi2

Memory: 4k page, physical 4147172k(293820k free), swap 16730084k(5372k free)

vm_info: OpenJDK 64-Bit Server VM (25.152-b02) for windows-amd64 JRE (1.8.0_152-release-1024-b02), built by "builder" with MS VC++ 10.0 (VS2010)

time: Wed Oct 03 22:40:16 2018
elapsed time: 11 seconds (0d 0h 0m 11s)

